Loading required package: S4Vectors
Loading required package: methods
Loading required package: stats4
Loading required package: BiocGenerics
Loading required package: parallel

Attaching package: ‘BiocGenerics’

The following objects are masked from ‘package:parallel’:

    clusterApply, clusterApplyLB, clusterCall, clusterEvalQ,
    clusterExport, clusterMap, parApply, parCapply, parLapply,
    parLapplyLB, parRapply, parSapply, parSapplyLB

The following objects are masked from ‘package:stats’:

    IQR, mad, sd, var, xtabs

The following objects are masked from ‘package:base’:

    anyDuplicated, append, as.data.frame, cbind, colMeans, colnames,
    colSums, do.call, duplicated, eval, evalq, Filter, Find, get, grep,
    grepl, intersect, is.unsorted, lapply, lengths, Map, mapply, match,
    mget, order, paste, pmax, pmax.int, pmin, pmin.int, Position, rank,
    rbind, Reduce, rowMeans, rownames, rowSums, sapply, setdiff, sort,
    table, tapply, union, unique, unsplit, which, which.max, which.min


Attaching package: ‘S4Vectors’

The following object is masked from ‘package:base’:

    expand.grid

Loading required package: IRanges
Loading required package: GenomicRanges
Loading required package: GenomeInfoDb
Loading required package: SummarizedExperiment
Loading required package: Biobase
Welcome to Bioconductor

    Vignettes contain introductory material; view with
    'browseVignettes()'. To cite Bioconductor, see
    'citation("Biobase")', and for packages 'citation("pkgname")'.

Loading required package: DelayedArray
Loading required package: matrixStats

Attaching package: ‘matrixStats’

The following objects are masked from ‘package:Biobase’:

    anyMissing, rowMedians


Attaching package: ‘DelayedArray’

The following objects are masked from ‘package:matrixStats’:

    colMaxs, colMins, colRanges, rowMaxs, rowMins, rowRanges

The following object is masked from ‘package:base’:

    apply


Attaching package: ‘phyloseq’

The following object is masked from ‘package:SummarizedExperiment’:

    distance

The following object is masked from ‘package:Biobase’:

    sampleNames

The following object is masked from ‘package:GenomicRanges’:

    distance

The following object is masked from ‘package:IRanges’:

    distance

Loading required package: viridisLite
── [1mAttaching packages[22m ─────────────────────────────── tidyverse 1.2.1 ──
[32m✔[39m [34mtibble [39m 1.4.2     [32m✔[39m [34mdplyr  [39m 0.7.6
[32m✔[39m [34mtidyr  [39m 0.8.1     [32m✔[39m [34mstringr[39m 1.3.0
[32m✔[39m [34mreadr  [39m 1.1.1     [32m✔[39m [34mforcats[39m 0.3.0
[32m✔[39m [34mpurrr  [39m 0.2.5     
── [1mConflicts[22m ────────────────────────────────── tidyverse_conflicts() ──
[31m✖[39m [34mdplyr[39m::[32mcollapse()[39m   masks [34mIRanges[39m::collapse()
[31m✖[39m [34mdplyr[39m::[32mcombine()[39m    masks [34mBiobase[39m::combine(), [34mBiocGenerics[39m::combine()
[31m✖[39m [34mdplyr[39m::[32mcount()[39m      masks [34mmatrixStats[39m::count()
[31m✖[39m [34mdplyr[39m::[32mdesc()[39m       masks [34mIRanges[39m::desc()
[31m✖[39m [34mtidyr[39m::[32mexpand()[39m     masks [34mS4Vectors[39m::expand()
[31m✖[39m [34mdplyr[39m::[32mfilter()[39m     masks [34mstats[39m::filter()
[31m✖[39m [34mdplyr[39m::[32mfirst()[39m      masks [34mS4Vectors[39m::first()
[31m✖[39m [34mdplyr[39m::[32mlag()[39m        masks [34mstats[39m::lag()
[31m✖[39m [34mggplot2[39m::[32mPosition()[39m masks [34mBiocGenerics[39m::Position(), [34mbase[39m::Position()
[31m✖[39m [34mpurrr[39m::[32mreduce()[39m     masks [34mGenomicRanges[39m::reduce(), [34mIRanges[39m::reduce()
[31m✖[39m [34mdplyr[39m::[32mrename()[39m     masks [34mS4Vectors[39m::rename()
[31m✖[39m [34mdplyr[39m::[32mslice()[39m      masks [34mIRanges[39m::slice()
Joining, by = "Meas_ID"
Joining, by = "Seq_ID"
