Loading required package: S4Vectors
Loading required package: methods
Loading required package: stats4
Loading required package: BiocGenerics
Loading required package: parallel

Attaching package: ‘BiocGenerics’

The following objects are masked from ‘package:parallel’:

    clusterApply, clusterApplyLB, clusterCall, clusterEvalQ,
    clusterExport, clusterMap, parApply, parCapply, parLapply,
    parLapplyLB, parRapply, parSapply, parSapplyLB

The following objects are masked from ‘package:stats’:

    IQR, mad, sd, var, xtabs

The following objects are masked from ‘package:base’:

    anyDuplicated, append, as.data.frame, cbind, colMeans, colnames,
    colSums, do.call, duplicated, eval, evalq, Filter, Find, get, grep,
    grepl, intersect, is.unsorted, lapply, lengths, Map, mapply, match,
    mget, order, paste, pmax, pmax.int, pmin, pmin.int, Position, rank,
    rbind, Reduce, rowMeans, rownames, rowSums, sapply, setdiff, sort,
    table, tapply, union, unique, unsplit, which, which.max, which.min


Attaching package: ‘S4Vectors’

The following object is masked from ‘package:base’:

    expand.grid

Loading required package: IRanges
Loading required package: GenomicRanges
Loading required package: GenomeInfoDb
Loading required package: SummarizedExperiment
Loading required package: Biobase
Welcome to Bioconductor

    Vignettes contain introductory material; view with
    'browseVignettes()'. To cite Bioconductor, see
    'citation("Biobase")', and for packages 'citation("pkgname")'.

Loading required package: DelayedArray
Loading required package: matrixStats

Attaching package: ‘matrixStats’

The following objects are masked from ‘package:Biobase’:

    anyMissing, rowMedians


Attaching package: ‘DelayedArray’

The following objects are masked from ‘package:matrixStats’:

    colMaxs, colMins, colRanges, rowMaxs, rowMins, rowRanges

The following object is masked from ‘package:base’:

    apply


Attaching package: ‘phyloseq’

The following object is masked from ‘package:SummarizedExperiment’:

    distance

The following object is masked from ‘package:Biobase’:

    sampleNames

The following object is masked from ‘package:GenomicRanges’:

    distance

The following object is masked from ‘package:IRanges’:

    distance

Loading required package: viridisLite
── Attaching packages ─────────────────────────────────────── tidyverse 1.2.1 ──
✔ tibble  1.4.2     ✔ dplyr   0.7.6
✔ tidyr   0.8.1     ✔ stringr 1.3.0
✔ readr   1.1.1     ✔ forcats 0.3.0
✔ purrr   0.2.5     
── Conflicts ────────────────────────────────────────── tidyverse_conflicts() ──
✖ dplyr::collapse()   masks IRanges::collapse()
✖ dplyr::combine()    masks Biobase::combine(), BiocGenerics::combine()
✖ dplyr::count()      masks matrixStats::count()
✖ dplyr::desc()       masks IRanges::desc()
✖ tidyr::expand()     masks S4Vectors::expand()
✖ dplyr::filter()     masks stats::filter()
✖ dplyr::first()      masks S4Vectors::first()
✖ dplyr::lag()        masks stats::lag()
✖ ggplot2::Position() masks BiocGenerics::Position(), base::Position()
✖ purrr::reduce()     masks GenomicRanges::reduce(), IRanges::reduce()
✖ dplyr::rename()     masks S4Vectors::rename()
✖ dplyr::slice()      masks IRanges::slice()
Loading required package: doParallel
Loading required package: foreach

Attaching package: ‘foreach’

The following objects are masked from ‘package:purrr’:

    accumulate, when

Loading required package: iterators
